Processing polverine (platform: espressif32@6.11.0; board: polverine; framework: espidf)
--------------------------------------------------------------------------------
Verbose mode can be enabled via `-v, --verbose` option
CONFIGURATION: https://docs.platformio.org/page/boards/espressif32/polverine.html
PLATFORM: Espressif 32 (6.11.0) > BlackIoT Polverine
HARDWARE: ESP32S3 240MHz, 320KB RAM, 8MB Flash
DEBUG: Current (esp-builtin) On-board (esp-builtin) External (cmsis-dap, esp-bridge, esp-prog, iot-bus-jtag, jlink, minimodule, olimex-arm-usb-ocd, olimex-arm-usb-ocd-h, olimex-arm-usb-tiny-h, olimex-jtag-tiny, tumpa)
PACKAGES: 
 - framework-espidf @ 3.50401.0 (5.4.1) 
 - tool-cmake @ 3.16.4 
 - tool-esp-rom-elfs @ 0.0.1+20241011 
 - tool-esptoolpy @ 1.40501.0 (4.5.1) 
 - tool-ninja @ 1.7.1 
 - tool-riscv32-esp-elf-gdb @ 12.1.0+20221002 
 - tool-xtensa-esp-elf-gdb @ 12.1.0+20221002 
 - toolchain-esp32ulp @ 1.23800.240113 (2.38.0) 
 - toolchain-riscv32-esp @ 14.2.0+20241119 
 - toolchain-xtensa-esp-elf @ 14.2.0+20241119
Warning: the 'src_filter' option cannot be used with ESP-IDF. Select source files to build in the project CMakeLists.txt file.

Reading CMake configuration...
LDF: Library Dependency Finder -> https://bit.ly/configure-pio-ldf
LDF Modes: Finder ~ chain, Compatibility ~ soft
Found 0 compatible libraries
Scanning dependencies...
No dependencies
Building in release mode
Compiling .pio/build/polverine/src/bme690.c.o
Compiling .pio/build/polverine/src/bmv080.c.o
Compiling .pio/build/polverine/src/bmv080_io.c.o
Compiling .pio/build/polverine/src/config.c.o
Compiling .pio/build/polverine/src/https_post.c.o
Compiling .pio/build/polverine/src/main.c.o
Compiling .pio/build/polverine/src/wifi.c.o
Compiling .pio/build/deps/bosch-sensortec/bsec_library_wrappers/bsec_integration.o
Compiling .pio/build/polverine/app_trace/app_trace.c.o
Compiling .pio/build/polverine/app_trace/app_trace_util.c.o
Compiling .pio/build/polverine/app_trace/host_file_io.c.o
Compiling .pio/build/polverine/app_trace/port/port_uart.c.o
Compiling .pio/build/polverine/app_update/esp_ota_ops.c.o
Compiling .pio/build/polverine/app_update/esp_ota_app_desc.c.o
Compiling .pio/build/polverine/bootloader_support/src/bootloader_common.c.o
Compiling .pio/build/polverine/bootloader_support/src/bootloader_common_loader.c.o
Compiling .pio/build/polverine/bootloader_support/src/bootloader_clock_init.c.o
Compiling .pio/build/polverine/bootloader_support/src/bootloader_mem.c.o
Compiling .pio/build/polverine/bootloader_support/src/bootloader_random.c.o
Compiling .pio/build/polverine/bootloader_support/src/bootloader_efuse.c.o
Compiling .pio/build/polverine/bootloader_support/src/flash_encrypt.c.o
Compiling .pio/build/polverine/bootloader_support/src/secure_boot.c.o
Compiling .pio/build/polverine/bootloader_support/src/bootloader_random_esp32s3.c.o
Compiling .pio/build/polverine/bootloader_support/bootloader_flash/src/bootloader_flash.c.o
Compiling .pio/build/polverine/bootloader_support/bootloader_flash/src/flash_qio_mode.c.o
Compiling .pio/build/polverine/bootloader_support/bootloader_flash/src/bootloader_flash_config_esp32s3.c.o
Compiling .pio/build/polverine/bootloader_support/src/bootloader_utility.c.o
Compiling .pio/build/polverine/bootloader_support/src/flash_partitions.c.o
Compiling .pio/build/polverine/bootloader_support/src/esp_image_format.c.o
Compiling .pio/build/polverine/bootloader_support/src/idf/bootloader_sha.c.o
Compiling .pio/build/polverine/bootloader_support/src/esp32s3/secure_boot_secure_features.c.o
Compiling .pio/build/polverine/cmock/CMock/src/cmock.c.o
Compiling .pio/build/polverine/console/commands.c.o
Compiling .pio/build/polverine/console/esp_console_common.c.o
Compiling .pio/build/polverine/console/linenoise/linenoise.c.o
Compiling .pio/build/polverine/console/esp_console_repl_chip.c.o
Compiling .pio/build/polverine/console/argtable3/arg_cmd.c.o
Compiling .pio/build/polverine/console/argtable3/argtable3.c.o
Compiling .pio/build/polverine/cxx/cxx_exception_stubs.cpp.o
Compiling .pio/build/polverine/cxx/cxx_guards.cpp.o
Compiling .pio/build/polverine/cxx/cxx_init.cpp.o
Compiling .pio/build/polverine/driver/deprecated/adc_legacy.c.o
Compiling .pio/build/polverine/driver/deprecated/adc_dma_legacy.c.o
Compiling .pio/build/polverine/driver/deprecated/timer_legacy.c.o
Compiling .pio/build/polverine/driver/i2c/i2c.c.o
Compiling .pio/build/polverine/driver/deprecated/i2s_legacy.c.o
Compiling .pio/build/polverine/driver/deprecated/mcpwm_legacy.c.o
Compiling .pio/build/polverine/driver/deprecated/pcnt_legacy.c.o
Compiling .pio/build/polverine/driver/deprecated/rmt_legacy.c.o
Compiling .pio/build/polverine/driver/deprecated/sigma_delta_legacy.c.o
Compiling .pio/build/polverine/driver/deprecated/rtc_temperature_legacy.c.o
Compiling .pio/build/polverine/driver/touch_sensor/touch_sensor_common.c.o
Compiling .pio/build/polverine/driver/touch_sensor/esp32s3/touch_sensor.c.o
Compiling .pio/build/polverine/driver/twai/twai.c.o
Compiling .pio/build/polverine/efuse/esp32s3/esp_efuse_table.c.o
Compiling .pio/build/polverine/efuse/esp32s3/esp_efuse_fields.c.o
Compiling .pio/build/polverine/efuse/esp32s3/esp_efuse_rtc_calib.c.o
Compiling .pio/build/polverine/efuse/esp32s3/esp_efuse_utility.c.o
Compiling .pio/build/polverine/efuse/src/esp_efuse_api.c.o
Compiling .pio/build/polverine/efuse/src/esp_efuse_fields.c.o
Compiling .pio/build/polverine/efuse/src/esp_efuse_utility.c.o
Compiling .pio/build/polverine/efuse/src/efuse_controller/keys/with_key_purposes/esp_efuse_api_key.c.o
Compiling .pio/build/polverine/efuse/src/esp_efuse_startup.c.o
Compiling .pio/build/polverine/esp-tls/esp_tls.c.o
Compiling .pio/build/polverine/esp-tls/esp-tls-crypto/esp_tls_crypto.c.o
Compiling .pio/build/polverine/esp-tls/esp_tls_error_capture.c.o
Compiling .pio/build/polverine/esp-tls/esp_tls_platform_port.c.o
Compiling .pio/build/polverine/esp-tls/esp_tls_mbedtls.c.o
Compiling .pio/build/polverine/esp_adc/adc_oneshot.c.o
Compiling .pio/build/polverine/esp_adc/adc_common.c.o
Compiling .pio/build/polverine/esp_adc/adc_cali.c.o
Compiling .pio/build/polverine/esp_adc/adc_cali_curve_fitting.c.o
Compiling .pio/build/polverine/esp_adc/deprecated/esp_adc_cal_common_legacy.c.o
Compiling .pio/build/polverine/esp_adc/adc_continuous.c.o
Compiling .pio/build/polverine/esp_adc/adc_monitor.c.o
Compiling .pio/build/polverine/esp_adc/gdma/adc_dma.c.o
Compiling .pio/build/polverine/esp_adc/adc_filter.c.o
Compiling .pio/build/polverine/esp_adc/esp32s3/curve_fitting_coefficients.c.o
Compiling .pio/build/polverine/esp_adc/deprecated/esp32s3/esp_adc_cal_legacy.c.o
Compiling .pio/build/polverine/esp_app_format/esp_app_desc.c.o
Compiling .pio/build/polverine/esp_bootloader_format/esp_bootloader_desc.c.o
Compiling .pio/build/polverine/esp_coex/esp32s3/esp_coex_adapter.c.o
Compiling .pio/build/polverine/esp_coex/src/coexist_debug_diagram.c.o
Compiling .pio/build/polverine/esp_coex/src/coexist_debug.c.o
Archiving .pio/build/polverine/esp-idf/esp_app_format/libesp_app_format.a
Archiving .pio/build/polverine/esp-idf/esp_bootloader_format/libesp_bootloader_format.a
Indexing .pio/build/polverine/esp-idf/esp_app_format/libesp_app_format.a
Indexing .pio/build/polverine/esp-idf/esp_bootloader_format/libesp_bootloader_format.a
Compiling .pio/build/polverine/esp_common/src/esp_err_to_name.c.o
Compiling .pio/build/polverine/esp_driver_cam/esp_cam_ctlr.c.o
Compiling .pio/build/polverine/esp_driver_cam/dvp_share_ctrl.c.o
Compiling .pio/build/polverine/esp_driver_gpio/src/gpio.c.o
Compiling .pio/build/polverine/esp_driver_gpio/src/gpio_glitch_filter_ops.c.o
Compiling .pio/build/polverine/esp_driver_gpio/src/rtc_io.c.o
Compiling .pio/build/polverine/esp_driver_gpio/src/dedic_gpio.c.o
Compiling .pio/build/polverine/esp_driver_gpio/src/gpio_pin_glitch_filter.c.o
Compiling .pio/build/polverine/esp_driver_gptimer/src/gptimer.c.o
Compiling .pio/build/polverine/esp_driver_gptimer/src/gptimer_common.c.o
Compiling .pio/build/polverine/esp_driver_i2c/i2c_master.c.o
Compiling .pio/build/polverine/esp_driver_i2c/i2c_common.c.o
Compiling .pio/build/polverine/esp_driver_i2c/i2c_slave.c.o
Compiling .pio/build/polverine/esp_driver_i2s/i2s_common.c.o
Compiling .pio/build/polverine/esp_driver_i2s/i2s_std.c.o
Compiling .pio/build/polverine/esp_driver_i2s/i2s_pdm.c.o
Compiling .pio/build/polverine/esp_driver_i2s/i2s_tdm.c.o
Compiling .pio/build/polverine/esp_driver_i2s/i2s_platform.c.o
Compiling .pio/build/polverine/esp_driver_ledc/src/ledc.c.o
Compiling .pio/build/polverine/esp_driver_mcpwm/src/mcpwm_cap.c.o
Compiling .pio/build/polverine/esp_driver_mcpwm/src/mcpwm_cmpr.c.o
Compiling .pio/build/polverine/esp_driver_mcpwm/src/mcpwm_com.c.o
Compiling .pio/build/polverine/esp_driver_mcpwm/src/mcpwm_fault.c.o
Compiling .pio/build/polverine/esp_driver_mcpwm/src/mcpwm_gen.c.o
Compiling .pio/build/polverine/esp_driver_mcpwm/src/mcpwm_oper.c.o
Compiling .pio/build/polverine/esp_driver_mcpwm/src/mcpwm_sync.c.o
Compiling .pio/build/polverine/esp_driver_mcpwm/src/mcpwm_timer.c.o
Compiling .pio/build/polverine/esp_driver_pcnt/src/pulse_cnt.c.o
Compiling .pio/build/polverine/esp_driver_rmt/src/rmt_common.c.o
Compiling .pio/build/polverine/esp_driver_rmt/src/rmt_encoder.c.o
Compiling .pio/build/polverine/esp_driver_rmt/src/rmt_rx.c.o
Compiling .pio/build/polverine/esp_driver_rmt/src/rmt_tx.c.o
Compiling .pio/build/polverine/esp_driver_sdm/src/sdm.c.o
Compiling .pio/build/polverine/esp_driver_sdmmc/src/sdmmc_transaction.c.o
Compiling .pio/build/polverine/esp_driver_sdmmc/src/sdmmc_host.c.o
Compiling .pio/build/polverine/esp_driver_sdspi/src/sdspi_crc.c.o
Compiling .pio/build/polverine/esp_driver_sdspi/src/sdspi_host.c.o
Compiling .pio/build/polverine/esp_driver_sdspi/src/sdspi_transaction.c.o
Compiling .pio/build/polverine/esp_driver_spi/src/gpspi/spi_common.c.o
Compiling .pio/build/polverine/esp_driver_spi/src/gpspi/spi_master.c.o
Compiling .pio/build/polverine/esp_driver_spi/src/gpspi/spi_slave.c.o
Compiling .pio/build/polverine/esp_driver_spi/src/gpspi/spi_dma.c.o
Compiling .pio/build/polverine/esp_driver_spi/src/gpspi/spi_slave_hd.c.o
Compiling .pio/build/polverine/esp_driver_tsens/src/temperature_sensor.c.o
Compiling .pio/build/polverine/esp_driver_uart/src/uart.c.o
Compiling .pio/build/polverine/esp_driver_uart/src/uart_vfs.c.o
Compiling .pio/build/polverine/esp_driver_usb_serial_jtag/src/usb_serial_jtag.c.o
Compiling .pio/build/polverine/esp_driver_usb_serial_jtag/src/usb_serial_jtag_connection_monitor.c.o
Compiling .pio/build/polverine/esp_driver_usb_serial_jtag/src/usb_serial_jtag_vfs.c.o
Compiling .pio/build/polverine/esp_eth/src/esp_eth.c.o
Compiling .pio/build/polverine/esp_eth/src/phy/esp_eth_phy_802_3.c.o
Compiling .pio/build/polverine/esp_eth/src/esp_eth_netif_glue.c.o
Compiling .pio/build/polverine/esp_event/default_event_loop.c.o
Compiling .pio/build/polverine/esp_event/esp_event.c.o
Compiling .pio/build/polverine/esp_event/esp_event_private.c.o
Compiling .pio/build/polverine/esp_gdbstub/src/gdbstub.c.o
Compiling .pio/build/polverine/esp_gdbstub/src/gdbstub_transport.c.o
Compiling .pio/build/polverine/esp_gdbstub/src/packet.c.o
Compiling .pio/build/polverine/esp_gdbstub/src/port/xtensa/gdbstub_xtensa.c.o
Compiling .pio/build/polverine/esp_gdbstub/src/port/xtensa/gdbstub-entry.S.o
Compiling .pio/build/polverine/esp_hid/src/esp_hidd.c.o
Compiling .pio/build/polverine/esp_hid/src/esp_hidh.c.o
Compiling .pio/build/polverine/esp_hid/src/esp_hid_common.c.o
Compiling .pio/build/polverine/esp_http_client/esp_http_client.c.o
Compiling .pio/build/polverine/esp_http_client/lib/http_auth.c.o
Compiling .pio/build/polverine/esp_http_client/lib/http_header.c.o
Compiling .pio/build/polverine/esp_http_client/lib/http_utils.c.o
Compiling .pio/build/polverine/esp_http_server/src/httpd_main.c.o
Compiling .pio/build/polverine/esp_http_server/src/httpd_parse.c.o
Compiling .pio/build/polverine/esp_http_server/src/httpd_sess.c.o
Compiling .pio/build/polverine/esp_http_server/src/httpd_txrx.c.o
Compiling .pio/build/polverine/esp_http_server/src/httpd_uri.c.o
Compiling .pio/build/polverine/esp_http_server/src/httpd_ws.c.o
Compiling .pio/build/polverine/esp_http_server/src/util/ctrl_sock.c.o
Compiling .pio/build/polverine/esp_https_ota/src/esp_https_ota.c.o
Compiling .pio/build/polverine/esp_https_server/src/https_server.c.o
Compiling .pio/build/polverine/esp_hw_support/cpu.c.o
Compiling .pio/build/polverine/esp_hw_support/port/esp32s3/esp_cpu_intr.c.o
Compiling .pio/build/polverine/esp_hw_support/esp_memory_utils.c.o
Compiling .pio/build/polverine/esp_hw_support/port/esp32s3/cpu_region_protect.c.o
Compiling .pio/build/polverine/esp_hw_support/esp_clk.c.o
Compiling .pio/build/polverine/esp_hw_support/clk_ctrl_os.c.o
Compiling .pio/build/polverine/esp_hw_support/hw_random.c.o
Compiling .pio/build/polverine/esp_hw_support/intr_alloc.c.o
Compiling .pio/build/polverine/esp_hw_support/mac_addr.c.o
Compiling .pio/build/polverine/esp_hw_support/periph_ctrl.c.o
Compiling .pio/build/polverine/esp_hw_support/revision.c.o
Compiling .pio/build/polverine/esp_hw_support/rtc_module.c.o
Compiling .pio/build/polverine/esp_hw_support/sleep_modem.c.o
Compiling .pio/build/polverine/esp_hw_support/sleep_modes.c.o
Compiling .pio/build/polverine/esp_hw_support/sleep_console.c.o
Compiling .pio/build/polverine/esp_hw_support/sleep_usb.c.o
Compiling .pio/build/polverine/esp_hw_support/sleep_gpio.c.o
Compiling .pio/build/polverine/esp_hw_support/sleep_event.c.o
Compiling .pio/build/polverine/esp_hw_support/regi2c_ctrl.c.o
Compiling .pio/build/polverine/esp_hw_support/sar_periph_ctrl_common.c.o
Compiling .pio/build/polverine/esp_hw_support/port/esp32s3/io_mux.c.o
Compiling .pio/build/polverine/esp_hw_support/port/esp32s3/esp_clk_tree.c.o
Compiling .pio/build/polverine/esp_hw_support/port/esp_clk_tree_common.c.o
Compiling .pio/build/polverine/esp_hw_support/dma/esp_dma_utils.c.o
Compiling .pio/build/polverine/esp_hw_support/dma/gdma_link.c.o
Compiling .pio/build/polverine/esp_hw_support/spi_share_hw_ctrl.c.o
Compiling .pio/build/polverine/esp_hw_support/spi_bus_lock.c.o
Compiling .pio/build/polverine/esp_hw_support/clk_utils.c.o
Compiling .pio/build/polverine/esp_hw_support/adc_share_hw_ctrl.c.o
Compiling .pio/build/polverine/esp_hw_support/dma/gdma.c.o
Compiling .pio/build/polverine/esp_hw_support/deprecated/gdma_legacy.c.o
Compiling .pio/build/polverine/esp_hw_support/dma/esp_async_memcpy.c.o
Compiling .pio/build/polverine/esp_hw_support/dma/async_memcpy_gdma.c.o
Compiling .pio/build/polverine/esp_hw_support/mspi_timing_tuning.c.o
Compiling .pio/build/polverine/esp_hw_support/mspi_timing_by_mspi_delay.c.o
Compiling .pio/build/polverine/esp_hw_support/sleep_wake_stub.c.o
Compiling .pio/build/polverine/esp_hw_support/esp_clock_output.c.o
Compiling .pio/build/polverine/esp_hw_support/port/esp32s3/rtc_clk.c.o
Compiling .pio/build/polverine/esp_hw_support/port/esp32s3/rtc_clk_init.c.o
Compiling .pio/build/polverine/esp_hw_support/port/esp32s3/rtc_init.c.o
Compiling .pio/build/polverine/esp_hw_support/port/esp32s3/rtc_sleep.c.o
Compiling .pio/build/polverine/esp_hw_support/port/esp32s3/rtc_time.c.o
Compiling .pio/build/polverine/esp_hw_support/port/esp32s3/chip_info.c.o
Compiling .pio/build/polverine/esp_hw_support/port/esp32s3/sar_periph_ctrl.c.o
Compiling .pio/build/polverine/esp_hw_support/port/esp32s3/mspi_timing_config.c.o
Compiling .pio/build/polverine/esp_hw_support/port/esp32s3/esp_memprot.c.o
Compiling .pio/build/polverine/esp_hw_support/port/esp_memprot_conv.c.o
Compiling .pio/build/polverine/esp_hw_support/lowpower/port/esp32s3/sleep_cpu.c.o
Compiling .pio/build/polverine/esp_lcd/src/esp_lcd_common.c.o
Compiling .pio/build/polverine/esp_lcd/src/esp_lcd_panel_io.c.o
Compiling .pio/build/polverine/esp_lcd/src/esp_lcd_panel_nt35510.c.o
Compiling .pio/build/polverine/esp_lcd/src/esp_lcd_panel_ssd1306.c.o
Compiling .pio/build/polverine/esp_lcd/src/esp_lcd_panel_st7789.c.o
Compiling .pio/build/polverine/esp_lcd/src/esp_lcd_panel_ops.c.o
Compiling .pio/build/polverine/esp_lcd/i2c/esp_lcd_panel_io_i2c_v1.c.o
Compiling .pio/build/polverine/esp_lcd/i2c/esp_lcd_panel_io_i2c_v2.c.o
Compiling .pio/build/polverine/esp_lcd/spi/esp_lcd_panel_io_spi.c.o
Compiling .pio/build/polverine/esp_lcd/i80/esp_lcd_panel_io_i80.c.o
Compiling .pio/build/polverine/esp_lcd/rgb/esp_lcd_panel_rgb.c.o
Compiling .pio/build/polverine/esp_local_ctrl/src/esp_local_ctrl.c.o
Compiling .pio/build/polverine/esp_local_ctrl/src/esp_local_ctrl_handler.c.o
Compiling .pio/build/polverine/esp_local_ctrl/proto-c/esp_local_ctrl.pb-c.c.o
Compiling .pio/build/polverine/esp_local_ctrl/src/esp_local_ctrl_transport_httpd.c.o
Compiling .pio/build/polverine/esp_mm/esp_mmu_map.c.o
Compiling .pio/build/polverine/esp_mm/port/esp32s3/ext_mem_layout.c.o
Compiling .pio/build/polverine/esp_mm/esp_cache.c.o
Compiling .pio/build/polverine/esp_mm/heap_align_hw.c.o
Compiling .pio/build/polverine/esp_netif/esp_netif_handlers.c.o
Compiling .pio/build/polverine/esp_netif/esp_netif_objects.c.o
Compiling .pio/build/polverine/esp_netif/esp_netif_defaults.c.o
Compiling .pio/build/polverine/esp_netif/lwip/esp_netif_lwip.c.o
Compiling .pio/build/polverine/esp_netif/lwip/esp_netif_sntp.c.o
Compiling .pio/build/polverine/esp_netif/lwip/esp_netif_lwip_defaults.c.o
Compiling .pio/build/polverine/esp_netif/lwip/netif/wlanif.c.o
Compiling .pio/build/polverine/esp_netif/lwip/netif/ethernetif.c.o
Compiling .pio/build/polverine/esp_netif/lwip/netif/esp_pbuf_ref.c.o
Compiling .pio/build/polverine/esp_partition/partition.c.o
Compiling .pio/build/polverine/esp_partition/partition_target.c.o
Compiling .pio/build/polverine/esp_phy/src/phy_override.c.o
Compiling .pio/build/polverine/esp_phy/src/lib_printf.c.o
Compiling .pio/build/polverine/esp_phy/src/phy_common.c.o
Compiling .pio/build/polverine/esp_phy/src/phy_init.c.o
Compiling .pio/build/polverine/esp_phy/esp32s3/phy_init_data.c.o
Compiling .pio/build/polverine/esp_phy/src/btbb_init.c.o
Compiling .pio/build/polverine/esp_pm/pm_locks.c.o
Compiling .pio/build/polverine/esp_pm/pm_trace.c.o
Compiling .pio/build/polverine/esp_pm/pm_impl.c.o
Compiling .pio/build/polverine/esp_ringbuf/ringbuf.c.o
Compiling .pio/build/polverine/esp_rom/patches/esp_rom_sys.c.o
Compiling .pio/build/polverine/esp_rom/patches/esp_rom_print.c.o
Compiling .pio/build/polverine/esp_rom/patches/esp_rom_uart.c.o
Compiling .pio/build/polverine/esp_rom/patches/esp_rom_spiflash.c.o
Compiling .pio/build/polverine/esp_rom/patches/esp_rom_efuse.c.o
Compiling .pio/build/polverine/esp_rom/patches/esp_rom_gpio.c.o
Compiling .pio/build/polverine/esp_rom/patches/esp_rom_longjmp.S.o
Compiling .pio/build/polverine/esp_rom/patches/esp_rom_systimer.c.o
Compiling .pio/build/polverine/esp_rom/patches/esp_rom_wdt.c.o
Compiling .pio/build/polverine/esp_rom/patches/esp_rom_cache_esp32s2_esp32s3.c.o
Compiling .pio/build/polverine/esp_rom/patches/esp_rom_cache_writeback_esp32s3.S.o
Compiling .pio/build/polverine/esp_security/src/init.c.o
Compiling .pio/build/polverine/esp_security/src/esp_hmac.c.o
Compiling .pio/build/polverine/esp_security/src/esp_ds.c.o
Compiling .pio/build/polverine/esp_security/src/esp_crypto_lock.c.o
Compiling .pio/build/polverine/esp_system/esp_err.c.o
Compiling .pio/build/polverine/esp_system/crosscore_int.c.o
Compiling .pio/build/polverine/esp_system/esp_ipc.c.o
Compiling .pio/build/polverine/esp_system/freertos_hooks.c.o
Compiling .pio/build/polverine/esp_system/int_wdt.c.o
Compiling .pio/build/polverine/esp_system/panic.c.o
Compiling .pio/build/polverine/esp_system/esp_system.c.o
Compiling .pio/build/polverine/esp_system/startup.c.o
Compiling .pio/build/polverine/esp_system/startup_funcs.c.o
Compiling .pio/build/polverine/esp_system/system_time.c.o
Compiling .pio/build/polverine/esp_system/stack_check.c.o
Compiling .pio/build/polverine/esp_system/ubsan.c.o
Compiling .pio/build/polverine/esp_system/xt_wdt.c.o
Compiling .pio/build/polverine/esp_system/task_wdt/task_wdt.c.o
Compiling .pio/build/polverine/esp_system/task_wdt/task_wdt_impl_timergroup.c.o
Compiling .pio/build/polverine/esp_system/port/cpu_start.c.o
Compiling .pio/build/polverine/esp_system/port/panic_handler.c.o
Compiling .pio/build/polverine/esp_system/port/esp_system_chip.c.o
Compiling .pio/build/polverine/esp_system/port/image_process.c.o
Compiling .pio/build/polverine/esp_system/port/brownout.c.o
Compiling .pio/build/polverine/esp_system/port/esp_ipc_isr.c.o
Compiling .pio/build/polverine/esp_system/port/arch/xtensa/esp_ipc_isr_port.c.o
Compiling .pio/build/polverine/esp_system/port/arch/xtensa/esp_ipc_isr_handler.S.o
Compiling .pio/build/polverine/esp_system/port/arch/xtensa/panic_arch.c.o
Compiling .pio/build/polverine/esp_system/port/arch/xtensa/panic_handler_asm.S.o
Compiling .pio/build/polverine/esp_system/port/arch/xtensa/expression_with_stack.c.o
Compiling .pio/build/polverine/esp_system/port/arch/xtensa/debug_helpers.c.o
Compiling .pio/build/polverine/esp_system/port/arch/xtensa/debug_stubs.c.o
Compiling .pio/build/polverine/esp_system/port/arch/xtensa/trax.c.o
Compiling .pio/build/polverine/esp_system/port/soc/esp32s3/highint_hdl.S.o
Compiling .pio/build/polverine/esp_system/port/soc/esp32s3/clk.c.o
Compiling .pio/build/polverine/esp_system/port/soc/esp32s3/reset_reason.c.o
Compiling .pio/build/polverine/esp_system/port/soc/esp32s3/system_internal.c.o
Compiling .pio/build/polverine/esp_system/port/soc/esp32s3/cache_err_int.c.o
Compiling .pio/build/polverine/esp_system/port/soc/esp32s3/apb_backup_dma.c.o
Compiling .pio/build/polverine/esp_timer/src/esp_timer.c.o
Compiling .pio/build/polverine/esp_timer/src/esp_timer_init.c.o
Compiling .pio/build/polverine/esp_timer/src/ets_timer_legacy.c.o
Compiling .pio/build/polverine/esp_timer/src/system_time.c.o
Compiling .pio/build/polverine/esp_timer/src/esp_timer_impl_common.c.o
Compiling .pio/build/polverine/esp_timer/src/esp_timer_impl_systimer.c.o
Compiling .pio/build/polverine/esp_vfs_console/vfs_console.c.o
Compiling .pio/build/polverine/esp_wifi/src/lib_printf.c.o
Compiling .pio/build/polverine/esp_wifi/src/mesh_event.c.o
Compiling .pio/build/polverine/esp_wifi/src/smartconfig.c.o
Compiling .pio/build/polverine/esp_wifi/src/wifi_init.c.o
Compiling .pio/build/polverine/esp_wifi/src/wifi_default.c.o
Compiling .pio/build/polverine/esp_wifi/src/wifi_netif.c.o
Compiling .pio/build/polverine/esp_wifi/src/wifi_default_ap.c.o
Compiling .pio/build/polverine/esp_wifi/esp32s3/esp_adapter.c.o
Compiling .pio/build/polverine/esp_wifi/src/smartconfig_ack.c.o
Compiling .pio/build/polverine/espcoredump/src/core_dump_init.c.o
Compiling .pio/build/polverine/espcoredump/src/core_dump_common.c.o
Compiling .pio/build/polverine/espcoredump/src/core_dump_flash.c.o
Compiling .pio/build/polverine/espcoredump/src/core_dump_uart.c.o
Compiling .pio/build/polverine/espcoredump/src/core_dump_elf.c.o
Compiling .pio/build/polverine/espcoredump/src/core_dump_binary.c.o
Compiling .pio/build/polverine/espcoredump/src/core_dump_sha.c.o
Compiling .pio/build/polverine/espcoredump/src/core_dump_crc.c.o
Compiling .pio/build/polverine/espcoredump/src/port/xtensa/core_dump_port.c.o
Compiling .pio/build/polverine/fatfs/diskio/diskio.c.o
Compiling .pio/build/polverine/fatfs/diskio/diskio_rawflash.c.o
Compiling .pio/build/polverine/fatfs/diskio/diskio_wl.c.o
Compiling .pio/build/polverine/fatfs/src/ff.c.o
Compiling .pio/build/polverine/fatfs/src/ffunicode.c.o
Compiling .pio/build/polverine/fatfs/port/freertos/ffsystem.c.o
Compiling .pio/build/polverine/fatfs/diskio/diskio_sdmmc.c.o
Compiling .pio/build/polverine/fatfs/vfs/vfs_fat.c.o
Compiling .pio/build/polverine/fatfs/vfs/vfs_fat_sdmmc.c.o
Compiling .pio/build/polverine/fatfs/vfs/vfs_fat_spiflash.c.o
Compiling .pio/build/polverine/freertos/heap_idf.c.o
Compiling .pio/build/polverine/freertos/app_startup.c.o
Compiling .pio/build/polverine/freertos/port_common.c.o
Compiling .pio/build/polverine/freertos/port_systick.c.o
Compiling .pio/build/polverine/freertos/FreeRTOS-Kernel/list.c.o
Compiling .pio/build/polverine/freertos/FreeRTOS-Kernel/queue.c.o
Compiling .pio/build/polverine/freertos/FreeRTOS-Kernel/tasks.c.o
Compiling .pio/build/polverine/freertos/FreeRTOS-Kernel/timers.c.o
Compiling .pio/build/polverine/freertos/FreeRTOS-Kernel/event_groups.c.o
Compiling .pio/build/polverine/freertos/FreeRTOS-Kernel/stream_buffer.c.o
Compiling .pio/build/polverine/freertos/FreeRTOS-Kernel/portable/xtensa/port.c.o
Compiling .pio/build/polverine/freertos/FreeRTOS-Kernel/portable/xtensa/portasm.S.o
Compiling .pio/build/polverine/freertos/FreeRTOS-Kernel/portable/xtensa/xtensa_init.c.o
Compiling .pio/build/polverine/freertos/FreeRTOS-Kernel/portable/xtensa/xtensa_overlay_os_hook.c.o
Compiling .pio/build/polverine/freertos/esp_additions/freertos_compatibility.c.o
Compiling .pio/build/polverine/freertos/esp_additions/idf_additions_event_groups.c.o
Compiling .pio/build/polverine/freertos/esp_additions/idf_additions.c.o
Compiling .pio/build/polverine/hal/hal_utils.c.o
Compiling .pio/build/polverine/hal/mpu_hal.c.o
Compiling .pio/build/polverine/hal/efuse_hal.c.o
Compiling .pio/build/polverine/hal/esp32s3/efuse_hal.c.o
Compiling .pio/build/polverine/hal/mmu_hal.c.o
Compiling .pio/build/polverine/hal/cache_hal.c.o
Compiling .pio/build/polverine/hal/color_hal.c.o
Compiling .pio/build/polverine/hal/spi_flash_hal.c.o
Compiling .pio/build/polverine/hal/spi_flash_hal_iram.c.o
Compiling .pio/build/polverine/hal/spi_flash_encrypt_hal_iram.c.o
Compiling .pio/build/polverine/hal/esp32s3/clk_tree_hal.c.o
Compiling .pio/build/polverine/hal/systimer_hal.c.o
Compiling .pio/build/polverine/hal/uart_hal.c.o
Compiling .pio/build/polverine/hal/uart_hal_iram.c.o
Compiling .pio/build/polverine/hal/gpio_hal.c.o
Compiling .pio/build/polverine/hal/rtc_io_hal.c.o
Compiling .pio/build/polverine/hal/timer_hal.c.o
Compiling .pio/build/polverine/hal/ledc_hal.c.o
Compiling .pio/build/polverine/hal/ledc_hal_iram.c.o
Compiling .pio/build/polverine/hal/i2c_hal.c.o
Compiling .pio/build/polverine/hal/i2c_hal_iram.c.o
Compiling .pio/build/polverine/hal/rmt_hal.c.o
Compiling .pio/build/polverine/hal/mcpwm_hal.c.o
Compiling .pio/build/polverine/hal/twai_hal.c.o
Compiling .pio/build/polverine/hal/twai_hal_iram.c.o
Compiling .pio/build/polverine/hal/gdma_hal_top.c.o
Compiling .pio/build/polverine/hal/gdma_hal_ahb_v1.c.o
Compiling .pio/build/polverine/hal/i2s_hal.c.o
Compiling .pio/build/polverine/hal/sdm_hal.c.o
Compiling .pio/build/polverine/hal/sdmmc_hal.c.o
Compiling .pio/build/polverine/hal/adc_hal_common.c.o
Compiling .pio/build/polverine/hal/adc_oneshot_hal.c.o
Compiling .pio/build/polverine/hal/adc_hal.c.o
Compiling .pio/build/polverine/hal/lcd_hal.c.o
Compiling .pio/build/polverine/hal/mpi_hal.c.o
Compiling .pio/build/polverine/hal/sha_hal.c.o
Compiling .pio/build/polverine/hal/aes_hal.c.o
Compiling .pio/build/polverine/hal/brownout_hal.c.o
Compiling .pio/build/polverine/hal/spi_hal.c.o
Compiling .pio/build/polverine/hal/spi_hal_iram.c.o
Compiling .pio/build/polverine/hal/spi_slave_hal.c.o
Compiling .pio/build/polverine/hal/spi_slave_hal_iram.c.o
Compiling .pio/build/polverine/hal/spi_slave_hd_hal.c.o
Compiling .pio/build/polverine/hal/spi_flash_hal_gpspi.c.o
Compiling .pio/build/polverine/hal/hmac_hal.c.o
Compiling .pio/build/polverine/hal/ds_hal.c.o
Compiling .pio/build/polverine/hal/usb_serial_jtag_hal.c.o
Compiling .pio/build/polverine/hal/usb_dwc_hal.c.o
Compiling .pio/build/polverine/hal/usb_wrap_hal.c.o
Compiling .pio/build/polverine/hal/esp32s3/touch_sensor_hal.c.o
Compiling .pio/build/polverine/hal/touch_sensor_hal.c.o
Compiling .pio/build/polverine/hal/xt_wdt_hal.c.o
Compiling .pio/build/polverine/hal/esp32s3/rtc_cntl_hal.c.o
Compiling .pio/build/polverine/heap/heap_caps_base.c.o
Compiling .pio/build/polverine/heap/heap_caps.c.o
Compiling .pio/build/polverine/heap/heap_caps_init.c.o
Compiling .pio/build/polverine/heap/multi_heap.c.o
Compiling .pio/build/polverine/heap/tlsf/tlsf.c.o
Compiling .pio/build/polverine/heap/port/memory_layout_utils.c.o
Compiling .pio/build/polverine/heap/port/esp32s3/memory_layout.c.o
Compiling .pio/build/polverine/http_parser/http_parser.c.o
Compiling .pio/build/polverine/log/src/os/log_timestamp.c.o
Compiling .pio/build/polverine/log/src/log_timestamp_common.c.o
Compiling .pio/build/polverine/log/src/os/log_lock.c.o
Compiling .pio/build/polverine/log/src/os/log_write.c.o
Compiling .pio/build/polverine/log/src/buffer/log_buffers.c.o
Compiling .pio/build/polverine/log/src/log_level/log_level.c.o
Compiling .pio/build/polverine/log/src/log_level/tag_log_level/tag_log_level.c.o
Compiling .pio/build/polverine/log/src/log_level/tag_log_level/linked_list/log_linked_list.c.o
Compiling .pio/build/polverine/log/src/log_level/tag_log_level/cache/log_binary_heap.c.o
Compiling .pio/build/polverine/lwip/apps/sntp/sntp.c.o
Compiling .pio/build/polverine/lwip/lwip/src/api/api_lib.c.o
Compiling .pio/build/polverine/lwip/lwip/src/api/api_msg.c.o
Compiling .pio/build/polverine/lwip/lwip/src/api/err.c.o
Compiling .pio/build/polverine/lwip/lwip/src/api/if_api.c.o
Compiling .pio/build/polverine/lwip/lwip/src/api/netbuf.c.o
Compiling .pio/build/polverine/lwip/lwip/src/api/netdb.c.o
Compiling .pio/build/polverine/lwip/lwip/src/api/netifapi.c.o
Compiling .pio/build/polverine/lwip/lwip/src/api/sockets.c.o
Compiling .pio/build/polverine/lwip/lwip/src/api/tcpip.c.o
Compiling .pio/build/polverine/lwip/lwip/src/apps/sntp/sntp.c.o
Compiling .pio/build/polverine/lwip/lwip/src/apps/netbiosns/netbiosns.c.o
Compiling .pio/build/polverine/lwip/lwip/src/core/def.c.o
Compiling .pio/build/polverine/lwip/lwip/src/core/dns.c.o
Compiling .pio/build/polverine/lwip/lwip/src/core/inet_chksum.c.o
Compiling .pio/build/polverine/lwip/lwip/src/core/init.c.o
Compiling .pio/build/polverine/lwip/lwip/src/core/ip.c.o
Compiling .pio/build/polverine/lwip/lwip/src/core/mem.c.o
Compiling .pio/build/polverine/lwip/lwip/src/core/memp.c.o
Compiling .pio/build/polverine/lwip/lwip/src/core/netif.c.o
Compiling .pio/build/polverine/lwip/lwip/src/core/pbuf.c.o
Compiling .pio/build/polverine/lwip/lwip/src/core/raw.c.o
Compiling .pio/build/polverine/lwip/lwip/src/core/stats.c.o
Compiling .pio/build/polverine/lwip/lwip/src/core/sys.c.o
Compiling .pio/build/polverine/lwip/lwip/src/core/tcp.c.o
Compiling .pio/build/polverine/lwip/lwip/src/core/tcp_in.c.o
Compiling .pio/build/polverine/lwip/lwip/src/core/tcp_out.c.o
Compiling .pio/build/polverine/lwip/lwip/src/core/timeouts.c.o
Compiling .pio/build/polverine/lwip/lwip/src/core/udp.c.o
Compiling .pio/build/polverine/lwip/lwip/src/core/ipv4/autoip.c.o
Compiling .pio/build/polverine/lwip/lwip/src/core/ipv4/dhcp.c.o
Compiling .pio/build/polverine/lwip/lwip/src/core/ipv4/etharp.c.o
Compiling .pio/build/polverine/lwip/lwip/src/core/ipv4/icmp.c.o
Compiling .pio/build/polverine/lwip/lwip/src/core/ipv4/igmp.c.o
Compiling .pio/build/polverine/lwip/lwip/src/core/ipv4/ip4.c.o
Compiling .pio/build/polverine/lwip/lwip/src/core/ipv4/ip4_napt.c.o
Compiling .pio/build/polverine/lwip/lwip/src/core/ipv4/ip4_addr.c.o
Compiling .pio/build/polverine/lwip/lwip/src/core/ipv4/ip4_frag.c.o
Compiling .pio/build/polverine/lwip/lwip/src/core/ipv6/dhcp6.c.o
Compiling .pio/build/polverine/lwip/lwip/src/core/ipv6/ethip6.c.o
Compiling .pio/build/polverine/lwip/lwip/src/core/ipv6/icmp6.c.o
Compiling .pio/build/polverine/lwip/lwip/src/core/ipv6/inet6.c.o
Compiling .pio/build/polverine/lwip/lwip/src/core/ipv6/ip6.c.o
Compiling .pio/build/polverine/lwip/lwip/src/core/ipv6/ip6_addr.c.o
Compiling .pio/build/polverine/lwip/lwip/src/core/ipv6/ip6_frag.c.o
Compiling .pio/build/polverine/lwip/lwip/src/core/ipv6/mld6.c.o
Compiling .pio/build/polverine/lwip/lwip/src/core/ipv6/nd6.c.o
Compiling .pio/build/polverine/lwip/lwip/src/netif/ethernet.c.o
Compiling .pio/build/polverine/lwip/lwip/src/netif/bridgeif.c.o
Compiling .pio/build/polverine/lwip/lwip/src/netif/bridgeif_fdb.c.o
Compiling .pio/build/polverine/lwip/lwip/src/netif/slipif.c.o
Compiling .pio/build/polverine/lwip/lwip/src/netif/ppp/auth.c.o
Compiling .pio/build/polverine/lwip/lwip/src/netif/ppp/ccp.c.o
Compiling .pio/build/polverine/lwip/lwip/src/netif/ppp/chap-md5.c.o
Compiling .pio/build/polverine/lwip/lwip/src/netif/ppp/chap-new.c.o
Compiling .pio/build/polverine/lwip/lwip/src/netif/ppp/chap_ms.c.o
Compiling .pio/build/polverine/lwip/lwip/src/netif/ppp/demand.c.o
Compiling .pio/build/polverine/lwip/lwip/src/netif/ppp/eap.c.o
Compiling .pio/build/polverine/lwip/lwip/src/netif/ppp/ecp.c.o
Compiling .pio/build/polverine/lwip/lwip/src/netif/ppp/eui64.c.o
Compiling .pio/build/polverine/lwip/lwip/src/netif/ppp/fsm.c.o
Compiling .pio/build/polverine/lwip/lwip/src/netif/ppp/ipcp.c.o
Compiling .pio/build/polverine/lwip/lwip/src/netif/ppp/ipv6cp.c.o
Compiling .pio/build/polverine/lwip/lwip/src/netif/ppp/lcp.c.o
Compiling .pio/build/polverine/lwip/lwip/src/netif/ppp/magic.c.o
Compiling .pio/build/polverine/lwip/lwip/src/netif/ppp/mppe.c.o
Compiling .pio/build/polverine/lwip/lwip/src/netif/ppp/multilink.c.o
Compiling .pio/build/polverine/lwip/lwip/src/netif/ppp/ppp.c.o
Compiling .pio/build/polverine/lwip/lwip/src/netif/ppp/pppapi.c.o
Compiling .pio/build/polverine/lwip/lwip/src/netif/ppp/pppcrypt.c.o
Compiling .pio/build/polverine/lwip/lwip/src/netif/ppp/pppoe.c.o
Compiling .pio/build/polverine/lwip/lwip/src/netif/ppp/pppol2tp.c.o
Compiling .pio/build/polverine/lwip/lwip/src/netif/ppp/pppos.c.o
Compiling .pio/build/polverine/lwip/lwip/src/netif/ppp/upap.c.o
Compiling .pio/build/polverine/lwip/lwip/src/netif/ppp/utils.c.o
Compiling .pio/build/polverine/lwip/lwip/src/netif/ppp/vj.c.o
Compiling .pio/build/polverine/lwip/port/hooks/tcp_isn_default.c.o
Compiling .pio/build/polverine/lwip/port/hooks/lwip_default_hooks.c.o
Compiling .pio/build/polverine/lwip/port/debug/lwip_debug.c.o
Compiling .pio/build/polverine/lwip/port/sockets_ext.c.o
Compiling .pio/build/polverine/lwip/port/freertos/sys_arch.c.o
Compiling .pio/build/polverine/lwip/port/acd_dhcp_check.c.o
Compiling .pio/build/polverine/lwip/port/esp32xx/vfs_lwip.c.o
Compiling .pio/build/polverine/lwip/apps/ping/esp_ping.c.o
Compiling .pio/build/polverine/lwip/apps/ping/ping.c.o
Compiling .pio/build/polverine/lwip/apps/ping/ping_sock.c.o
Compiling .pio/build/polverine/lwip/lwip/src/netif/ppp/polarssl/arc4.c.o
Compiling .pio/build/polverine/lwip/lwip/src/netif/ppp/polarssl/des.c.o
Compiling .pio/build/polverine/lwip/lwip/src/netif/ppp/polarssl/md4.c.o
Compiling .pio/build/polverine/lwip/lwip/src/netif/ppp/polarssl/md5.c.o
Compiling .pio/build/polverine/lwip/lwip/src/netif/ppp/polarssl/sha1.c.o
Compiling .pio/build/polverine/lwip/apps/dhcpserver/dhcpserver.c.o
Compiling .pio/build/polverine/mbedtls/esp_crt_bundle/esp_crt_bundle.c.o
Compiling .pio/build/polverine/mqtt/esp-mqtt/mqtt_client.c.o
Compiling .pio/build/polverine/mqtt/esp-mqtt/lib/mqtt_msg.c.o
Compiling .pio/build/polverine/mqtt/esp-mqtt/lib/mqtt_outbox.c.o
Compiling .pio/build/polverine/mqtt/esp-mqtt/lib/platform_esp32_idf.c.o
Compiling .pio/build/polverine/newlib/abort.c.o
Compiling .pio/build/polverine/newlib/assert.c.o
Compiling .pio/build/polverine/newlib/heap.c.o
Compiling .pio/build/polverine/newlib/flockfile.c.o
Compiling .pio/build/polverine/newlib/locks.c.o
Compiling .pio/build/polverine/newlib/pthread.c.o
Compiling .pio/build/polverine/newlib/random.c.o
Compiling .pio/build/polverine/newlib/reent_init.c.o
Compiling .pio/build/polverine/newlib/newlib_init.c.o
Compiling .pio/build/polverine/newlib/syscalls.c.o
Compiling .pio/build/polverine/newlib/termios.c.o
Compiling .pio/build/polverine/newlib/stdatomic.c.o
Compiling .pio/build/polverine/newlib/time.c.o
Compiling .pio/build/polverine/newlib/sysconf.c.o
Compiling .pio/build/polverine/newlib/realpath.c.o
Compiling .pio/build/polverine/newlib/scandir.c.o
Compiling .pio/build/polverine/newlib/port/esp_time_impl.c.o
Compiling .pio/build/polverine/nvs_flash/src/nvs_api.cpp.o
Compiling .pio/build/polverine/nvs_flash/src/nvs_cxx_api.cpp.o
Compiling .pio/build/polverine/nvs_flash/src/nvs_item_hash_list.cpp.o
Compiling .pio/build/polverine/nvs_flash/src/nvs_page.cpp.o
Compiling .pio/build/polverine/nvs_flash/src/nvs_pagemanager.cpp.o
Compiling .pio/build/polverine/nvs_flash/src/nvs_storage.cpp.o
Compiling .pio/build/polverine/nvs_flash/src/nvs_handle_simple.cpp.o
Compiling .pio/build/polverine/nvs_flash/src/nvs_handle_locked.cpp.o
Compiling .pio/build/polverine/nvs_flash/src/nvs_partition.cpp.o
Compiling .pio/build/polverine/nvs_flash/src/nvs_partition_lookup.cpp.o
Compiling .pio/build/polverine/nvs_flash/src/nvs_partition_manager.cpp.o
Compiling .pio/build/polverine/nvs_flash/src/nvs_types.cpp.o
Compiling .pio/build/polverine/nvs_flash/src/nvs_platform.cpp.o
Compiling .pio/build/polverine/nvs_flash/src/nvs_bootloader.c.o
Compiling .pio/build/polverine/nvs_flash/src/nvs_encrypted_partition.cpp.o
Compiling .pio/build/polverine/nvs_sec_provider/nvs_sec_provider.c.o
Compiling .pio/build/polverine/perfmon/xtensa_perfmon_access.c.o
Compiling .pio/build/polverine/perfmon/xtensa_perfmon_apis.c.o
Compiling .pio/build/polverine/protobuf-c/protobuf-c/protobuf-c/protobuf-c.c.o
Compiling .pio/build/polverine/protocomm/src/common/protocomm.c.o
Compiling .pio/build/polverine/protocomm/proto-c/constants.pb-c.c.o
Compiling .pio/build/polverine/protocomm/proto-c/sec0.pb-c.c.o
Compiling .pio/build/polverine/protocomm/proto-c/sec1.pb-c.c.o
Compiling .pio/build/polverine/protocomm/proto-c/sec2.pb-c.c.o
Compiling .pio/build/polverine/protocomm/proto-c/session.pb-c.c.o
Compiling .pio/build/polverine/protocomm/src/transports/protocomm_console.c.o
Compiling .pio/build/polverine/protocomm/src/transports/protocomm_httpd.c.o
Compiling .pio/build/polverine/protocomm/src/security/security0.c.o
Compiling .pio/build/polverine/protocomm/src/security/security1.c.o
Compiling .pio/build/polverine/protocomm/src/security/security2.c.o
Compiling .pio/build/polverine/protocomm/src/crypto/srp6a/esp_srp.c.o
Compiling .pio/build/polverine/protocomm/src/crypto/srp6a/esp_srp_mpi.c.o
Compiling .pio/build/polverine/pthread/pthread.c.o
Compiling .pio/build/polverine/pthread/pthread_cond_var.c.o
Compiling .pio/build/polverine/pthread/pthread_local_storage.c.o
Compiling .pio/build/polverine/pthread/pthread_rwlock.c.o
Compiling .pio/build/polverine/pthread/pthread_semaphore.c.o
Compiling .pio/build/polverine/rt/FreeRTOS_POSIX_mqueue.c.o
Compiling .pio/build/polverine/rt/FreeRTOS_POSIX_utils.c.o
Compiling .pio/build/polverine/sdmmc/sdmmc_cmd.c.o
Compiling .pio/build/polverine/sdmmc/sdmmc_common.c.o
Compiling .pio/build/polverine/sdmmc/sdmmc_init.c.o
Compiling .pio/build/polverine/sdmmc/sdmmc_io.c.o
Compiling .pio/build/polverine/sdmmc/sdmmc_mmc.c.o
Compiling .pio/build/polverine/sdmmc/sdmmc_sd.c.o
Compiling .pio/build/polverine/sdmmc/sd_pwr_ctrl/sd_pwr_ctrl.c.o
Compiling .pio/build/polverine/soc/esp32s3/gpio_periph.c.o
Compiling .pio/build/polverine/soc/esp32s3/uart_periph.c.o
Compiling .pio/build/polverine/soc/esp32s3/adc_periph.c.o
Compiling .pio/build/polverine/soc/esp32s3/dedic_gpio_periph.c.o
Compiling .pio/build/polverine/soc/esp32s3/gdma_periph.c.o
Compiling .pio/build/polverine/soc/esp32s3/spi_periph.c.o
Compiling .pio/build/polverine/soc/esp32s3/ledc_periph.c.o
Compiling .pio/build/polverine/soc/esp32s3/pcnt_periph.c.o
Compiling .pio/build/polverine/soc/esp32s3/rmt_periph.c.o
Compiling .pio/build/polverine/soc/esp32s3/i2s_periph.c.o
Compiling .pio/build/polverine/soc/esp32s3/i2c_periph.c.o
Compiling .pio/build/polverine/soc/esp32s3/temperature_sensor_periph.c.o
Compiling .pio/build/polverine/soc/esp32s3/timer_periph.c.o
Compiling .pio/build/polverine/soc/esp32s3/mcpwm_periph.c.o
Compiling .pio/build/polverine/soc/esp32s3/mpi_periph.c.o
Compiling .pio/build/polverine/soc/esp32s3/sdmmc_periph.c.o
Compiling .pio/build/polverine/soc/esp32s3/twai_periph.c.o
Compiling .pio/build/polverine/soc/esp32s3/wdt_periph.c.o
Compiling .pio/build/polverine/soc/esp32s3/rtc_io_periph.c.o
Compiling .pio/build/polverine/spi_flash/flash_brownout_hook.c.o
Compiling .pio/build/polverine/spi_flash/esp32s3/spi_flash_oct_flash_init.c.o
Compiling .pio/build/polverine/spi_flash/spi_flash_hpm_enable.c.o
Compiling .pio/build/polverine/spi_flash/spi_flash_chip_drivers.c.o
Compiling .pio/build/polverine/spi_flash/spi_flash_chip_generic.c.o
Compiling .pio/build/polverine/spi_flash/spi_flash_chip_issi.c.o
Compiling .pio/build/polverine/spi_flash/spi_flash_chip_mxic.c.o
Compiling .pio/build/polverine/spi_flash/spi_flash_chip_gd.c.o
Compiling .pio/build/polverine/spi_flash/spi_flash_chip_winbond.c.o
Compiling .pio/build/polverine/spi_flash/spi_flash_chip_boya.c.o
Compiling .pio/build/polverine/spi_flash/spi_flash_chip_mxic_opi.c.o
Compiling .pio/build/polverine/spi_flash/spi_flash_chip_th.c.o
Compiling .pio/build/polverine/spi_flash/memspi_host_driver.c.o
Compiling .pio/build/polverine/spi_flash/cache_utils.c.o
Compiling .pio/build/polverine/spi_flash/flash_mmap.c.o
Compiling .pio/build/polverine/spi_flash/flash_ops.c.o
Compiling .pio/build/polverine/spi_flash/spi_flash_wrap.c.o
Compiling .pio/build/polverine/spi_flash/esp_flash_api.c.o
Compiling .pio/build/polverine/spi_flash/esp_flash_spi_init.c.o
Compiling .pio/build/polverine/spi_flash/spi_flash_os_func_app.c.o
Compiling .pio/build/polverine/spi_flash/spi_flash_os_func_noos.c.o
Compiling .pio/build/polverine/spiffs/spiffs_api.c.o
Compiling .pio/build/polverine/spiffs/spiffs/src/spiffs_cache.c.o
Compiling .pio/build/polverine/spiffs/spiffs/src/spiffs_check.c.o
Compiling .pio/build/polverine/spiffs/spiffs/src/spiffs_gc.c.o
Compiling .pio/build/polverine/spiffs/spiffs/src/spiffs_hydrogen.c.o
Compiling .pio/build/polverine/spiffs/spiffs/src/spiffs_nucleus.c.o
Compiling .pio/build/polverine/spiffs/esp_spiffs.c.o
Compiling .pio/build/polverine/tcp_transport/transport.c.o
Compiling .pio/build/polverine/tcp_transport/transport_ssl.c.o
Compiling .pio/build/polverine/tcp_transport/transport_internal.c.o
Compiling .pio/build/polverine/tcp_transport/transport_socks_proxy.c.o
Compiling .pio/build/polverine/tcp_transport/transport_ws.c.o
Compiling .pio/build/polverine/touch_element/touch_element.c.o
Compiling .pio/build/polverine/touch_element/touch_button.c.o
Compiling .pio/build/polverine/touch_element/touch_slider.c.o
Compiling .pio/build/polverine/touch_element/touch_matrix.c.o
Compiling .pio/build/polverine/unity/unity/src/unity.c.o
Compiling .pio/build/polverine/unity/unity_compat.c.o
Compiling .pio/build/polverine/unity/unity_runner.c.o
Compiling .pio/build/polverine/unity/unity_utils_freertos.c.o
Compiling .pio/build/polverine/unity/unity_utils_cache.c.o
Compiling .pio/build/polverine/unity/unity_utils_memory.c.o
Compiling .pio/build/polverine/unity/unity_port_esp32.c.o
Compiling .pio/build/polverine/unity/port/esp/unity_utils_memory_esp.c.o
Compiling .pio/build/polverine/usb/hcd_dwc.c.o
Compiling .pio/build/polverine/usb/enum.c.o
Compiling .pio/build/polverine/usb/hub.c.o
Compiling .pio/build/polverine/usb/usb_helpers.c.o
Compiling .pio/build/polverine/usb/usb_host.c.o
Compiling .pio/build/polverine/usb/usb_private.c.o
Compiling .pio/build/polverine/usb/usbh.c.o
Compiling .pio/build/polverine/usb/usb_phy.c.o
Compiling .pio/build/polverine/vfs/vfs.c.o
Compiling .pio/build/polverine/vfs/vfs_eventfd.c.o
Compiling .pio/build/polverine/vfs/vfs_semihost.c.o
Compiling .pio/build/polverine/vfs/nullfs.c.o
Compiling .pio/build/polverine/wear_levelling/Partition.cpp.o
Compiling .pio/build/polverine/wear_levelling/SPI_Flash.cpp.o
Compiling .pio/build/polverine/wear_levelling/WL_Ext_Perf.cpp.o
Compiling .pio/build/polverine/wear_levelling/WL_Ext_Safe.cpp.o
Compiling .pio/build/polverine/wear_levelling/WL_Flash.cpp.o
Compiling .pio/build/polverine/wear_levelling/wear_levelling.cpp.o
Compiling .pio/build/polverine/wifi_provisioning/src/wifi_config.c.o
Compiling .pio/build/polverine/wifi_provisioning/src/wifi_scan.c.o
Compiling .pio/build/polverine/wifi_provisioning/src/wifi_ctrl.c.o
Compiling .pio/build/polverine/wifi_provisioning/src/manager.c.o
Compiling .pio/build/polverine/wifi_provisioning/src/handlers.c.o
Compiling .pio/build/polverine/wifi_provisioning/src/scheme_console.c.o
Compiling .pio/build/polverine/wifi_provisioning/proto-c/wifi_config.pb-c.c.o
Compiling .pio/build/polverine/wifi_provisioning/proto-c/wifi_scan.pb-c.c.o
Compiling .pio/build/polverine/wifi_provisioning/proto-c/wifi_ctrl.pb-c.c.o
Compiling .pio/build/polverine/wifi_provisioning/proto-c/wifi_constants.pb-c.c.o
Compiling .pio/build/polverine/wifi_provisioning/src/scheme_softap.c.o
Compiling .pio/build/polverine/wpa_supplicant/port/os_xtensa.c.o
Compiling .pio/build/polverine/wpa_supplicant/port/eloop.c.o
Compiling .pio/build/polverine/wpa_supplicant/src/ap/ap_config.c.o
Compiling .pio/build/polverine/wpa_supplicant/src/ap/ieee802_1x.c.o
Compiling .pio/build/polverine/wpa_supplicant/src/ap/wpa_auth.c.o
Compiling .pio/build/polverine/wpa_supplicant/src/ap/wpa_auth_ie.c.o
Compiling .pio/build/polverine/wpa_supplicant/src/ap/pmksa_cache_auth.c.o
Compiling .pio/build/polverine/wpa_supplicant/src/ap/sta_info.c.o
Compiling .pio/build/polverine/wpa_supplicant/src/ap/ieee802_11.c.o
Compiling .pio/build/polverine/wpa_supplicant/src/ap/comeback_token.c.o
Compiling .pio/build/polverine/wpa_supplicant/src/common/sae.c.o
Compiling .pio/build/polverine/wpa_supplicant/src/common/dragonfly.c.o
Compiling .pio/build/polverine/wpa_supplicant/src/common/wpa_common.c.o
Compiling .pio/build/polverine/wpa_supplicant/src/utils/bitfield.c.o
Compiling .pio/build/polverine/wpa_supplicant/src/crypto/aes-siv.c.o
Compiling .pio/build/polverine/wpa_supplicant/src/crypto/sha256-kdf.c.o
Compiling .pio/build/polverine/wpa_supplicant/src/crypto/ccmp.c.o
Compiling .pio/build/polverine/wpa_supplicant/src/crypto/aes-gcm.c.o
Compiling .pio/build/polverine/wpa_supplicant/src/crypto/crypto_ops.c.o
Compiling .pio/build/polverine/wpa_supplicant/src/crypto/dh_group5.c.o
Compiling .pio/build/polverine/wpa_supplicant/src/crypto/dh_groups.c.o
Compiling .pio/build/polverine/wpa_supplicant/src/crypto/ms_funcs.c.o
Compiling .pio/build/polverine/wpa_supplicant/src/crypto/sha1-tlsprf.c.o
Compiling .pio/build/polverine/wpa_supplicant/src/crypto/sha256-tlsprf.c.o
Compiling .pio/build/polverine/wpa_supplicant/src/crypto/sha384-tlsprf.c.o
Compiling .pio/build/polverine/wpa_supplicant/src/crypto/sha256-prf.c.o
Compiling .pio/build/polverine/wpa_supplicant/src/crypto/sha1-prf.c.o
Compiling .pio/build/polverine/wpa_supplicant/src/crypto/sha384-prf.c.o
Compiling .pio/build/polverine/wpa_supplicant/src/crypto/md4-internal.c.o
Compiling .pio/build/polverine/wpa_supplicant/src/crypto/sha1-tprf.c.o
Compiling .pio/build/polverine/wpa_supplicant/src/eap_common/eap_wsc_common.c.o
Compiling .pio/build/polverine/wpa_supplicant/src/common/ieee802_11_common.c.o
Compiling .pio/build/polverine/wpa_supplicant/src/eap_peer/chap.c.o
Compiling .pio/build/polverine/wpa_supplicant/src/eap_peer/eap.c.o
Compiling .pio/build/polverine/wpa_supplicant/src/eap_peer/eap_common.c.o
Compiling .pio/build/polverine/wpa_supplicant/src/eap_peer/eap_mschapv2.c.o
Compiling .pio/build/polverine/wpa_supplicant/src/eap_peer/eap_peap.c.o
Compiling .pio/build/polverine/wpa_supplicant/src/eap_peer/eap_peap_common.c.o
Compiling .pio/build/polverine/wpa_supplicant/src/eap_peer/eap_tls.c.o
Compiling .pio/build/polverine/wpa_supplicant/src/eap_peer/eap_tls_common.c.o
Compiling .pio/build/polverine/wpa_supplicant/src/eap_peer/eap_ttls.c.o
Compiling .pio/build/polverine/wpa_supplicant/src/eap_peer/mschapv2.c.o
Compiling .pio/build/polverine/wpa_supplicant/src/eap_peer/eap_fast.c.o
Compiling .pio/build/polverine/wpa_supplicant/src/eap_peer/eap_fast_common.c.o
Compiling .pio/build/polverine/wpa_supplicant/src/eap_peer/eap_fast_pac.c.o
Compiling .pio/build/polverine/wpa_supplicant/src/rsn_supp/pmksa_cache.c.o
Compiling .pio/build/polverine/wpa_supplicant/src/rsn_supp/wpa.c.o
Compiling .pio/build/polverine/wpa_supplicant/src/rsn_supp/wpa_ie.c.o
Compiling .pio/build/polverine/wpa_supplicant/src/utils/base64.c.o
Compiling .pio/build/polverine/wpa_supplicant/src/utils/common.c.o
Compiling .pio/build/polverine/wpa_supplicant/src/utils/ext_password.c.o
Compiling .pio/build/polverine/wpa_supplicant/src/utils/uuid.c.o
Compiling .pio/build/polverine/wpa_supplicant/src/utils/wpabuf.c.o
Compiling .pio/build/polverine/wpa_supplicant/src/utils/wpa_debug.c.o
Compiling .pio/build/polverine/wpa_supplicant/src/utils/json.c.o
Compiling .pio/build/polverine/wpa_supplicant/src/wps/wps.c.o
Compiling .pio/build/polverine/wpa_supplicant/src/wps/wps_attr_build.c.o
Compiling .pio/build/polverine/wpa_supplicant/src/wps/wps_attr_parse.c.o
Compiling .pio/build/polverine/wpa_supplicant/src/wps/wps_attr_process.c.o
Compiling .pio/build/polverine/wpa_supplicant/src/wps/wps_common.c.o
Compiling .pio/build/polverine/wpa_supplicant/src/wps/wps_dev_attr.c.o
Compiling .pio/build/polverine/wpa_supplicant/src/wps/wps_enrollee.c.o
Compiling .pio/build/polverine/wpa_supplicant/src/common/sae_pk.c.o
Compiling .pio/build/polverine/wpa_supplicant/esp_supplicant/src/esp_eap_client.c.o
Compiling .pio/build/polverine/wpa_supplicant/esp_supplicant/src/esp_wpa2_api_port.c.o
Compiling .pio/build/polverine/wpa_supplicant/esp_supplicant/src/esp_wpa_main.c.o
Compiling .pio/build/polverine/wpa_supplicant/esp_supplicant/src/esp_wpas_glue.c.o
Compiling .pio/build/polverine/wpa_supplicant/esp_supplicant/src/esp_common.c.o
Compiling .pio/build/polverine/wpa_supplicant/esp_supplicant/src/esp_wps.c.o
Compiling .pio/build/polverine/wpa_supplicant/esp_supplicant/src/esp_wpa3.c.o
Compiling .pio/build/polverine/wpa_supplicant/esp_supplicant/src/esp_owe.c.o
Compiling .pio/build/polverine/wpa_supplicant/esp_supplicant/src/esp_hostap.c.o
Compiling .pio/build/polverine/wpa_supplicant/esp_supplicant/src/crypto/tls_mbedtls.c.o
Compiling .pio/build/polverine/wpa_supplicant/esp_supplicant/src/crypto/fastpbkdf2.c.o
Compiling .pio/build/polverine/wpa_supplicant/esp_supplicant/src/crypto/crypto_mbedtls.c.o
Compiling .pio/build/polverine/wpa_supplicant/esp_supplicant/src/crypto/crypto_mbedtls-bignum.c.o
Compiling .pio/build/polverine/wpa_supplicant/esp_supplicant/src/crypto/crypto_mbedtls-rsa.c.o
Compiling .pio/build/polverine/wpa_supplicant/esp_supplicant/src/crypto/crypto_mbedtls-ec.c.o
Compiling .pio/build/polverine/wpa_supplicant/src/crypto/rc4.c.o
Compiling .pio/build/polverine/wpa_supplicant/src/crypto/des-internal.c.o
Compiling .pio/build/polverine/wpa_supplicant/src/crypto/aes-wrap.c.o
Compiling .pio/build/polverine/wpa_supplicant/src/crypto/aes-unwrap.c.o
Compiling .pio/build/polverine/wpa_supplicant/src/crypto/aes-ccm.c.o
Compiling .pio/build/polverine/xtensa/xt_trax.c.o
Compiling .pio/build/polverine/xtensa/xtensa_context.S.o
Compiling .pio/build/polverine/xtensa/xtensa_intr_asm.S.o
Compiling .pio/build/polverine/xtensa/xtensa_intr.c.o
Compiling .pio/build/polverine/xtensa/xtensa_vectors.S.o
Compiling .pio/build/polverine/mbedtls/mbedtls/3rdparty/everest/library/everest.c.o
Compiling .pio/build/polverine/mbedtls/mbedtls/3rdparty/everest/library/x25519.c.o
Compiling .pio/build/polverine/mbedtls/mbedtls/3rdparty/everest/library/Hacl_Curve25519_joined.c.o
Compiling .pio/build/polverine/mbedtls/mbedtls/library/aes.c.o
Compiling .pio/build/polverine/mbedtls/mbedtls/library/aesni.c.o
Compiling .pio/build/polverine/mbedtls/mbedtls/library/aesce.c.o
Compiling .pio/build/polverine/mbedtls/mbedtls/library/aria.c.o
Compiling .pio/build/polverine/mbedtls/mbedtls/library/asn1parse.c.o
Compiling .pio/build/polverine/mbedtls/mbedtls/library/asn1write.c.o
Compiling .pio/build/polverine/mbedtls/mbedtls/library/base64.c.o
Compiling .pio/build/polverine/mbedtls/mbedtls/library/bignum.c.o
Compiling .pio/build/polverine/mbedtls/mbedtls/library/bignum_core.c.o
Compiling .pio/build/polverine/mbedtls/mbedtls/library/bignum_mod.c.o
Compiling .pio/build/polverine/mbedtls/mbedtls/library/bignum_mod_raw.c.o
Compiling .pio/build/polverine/mbedtls/mbedtls/library/block_cipher.c.o
Compiling .pio/build/polverine/mbedtls/mbedtls/library/camellia.c.o
Compiling .pio/build/polverine/mbedtls/mbedtls/library/ccm.c.o
Compiling .pio/build/polverine/mbedtls/mbedtls/library/chacha20.c.o
Compiling .pio/build/polverine/mbedtls/mbedtls/library/chachapoly.c.o
Compiling .pio/build/polverine/mbedtls/mbedtls/library/cipher.c.o
Compiling .pio/build/polverine/mbedtls/mbedtls/library/cipher_wrap.c.o
Compiling .pio/build/polverine/mbedtls/mbedtls/library/constant_time.c.o
Compiling .pio/build/polverine/mbedtls/mbedtls/library/cmac.c.o
Compiling .pio/build/polverine/mbedtls/mbedtls/library/ctr_drbg.c.o
Compiling .pio/build/polverine/mbedtls/mbedtls/library/des.c.o
Compiling .pio/build/polverine/mbedtls/mbedtls/library/dhm.c.o
Compiling .pio/build/polverine/mbedtls/mbedtls/library/ecdh.c.o
Compiling .pio/build/polverine/mbedtls/mbedtls/library/ecdsa.c.o
Compiling .pio/build/polverine/mbedtls/mbedtls/library/ecjpake.c.o
Compiling .pio/build/polverine/mbedtls/mbedtls/library/ecp.c.o
Compiling .pio/build/polverine/mbedtls/mbedtls/library/ecp_curves.c.o
Compiling .pio/build/polverine/mbedtls/mbedtls/library/ecp_curves_new.c.o
Compiling .pio/build/polverine/mbedtls/mbedtls/library/entropy.c.o
Compiling .pio/build/polverine/mbedtls/mbedtls/library/entropy_poll.c.o
Compiling .pio/build/polverine/mbedtls/mbedtls/library/error.c.o
Compiling .pio/build/polverine/mbedtls/mbedtls/library/gcm.c.o
Compiling .pio/build/polverine/mbedtls/mbedtls/library/hkdf.c.o
Compiling .pio/build/polverine/mbedtls/mbedtls/library/hmac_drbg.c.o
Compiling .pio/build/polverine/mbedtls/mbedtls/library/lmots.c.o
Compiling .pio/build/polverine/mbedtls/mbedtls/library/lms.c.o
Compiling .pio/build/polverine/mbedtls/mbedtls/library/md.c.o
Compiling .pio/build/polverine/mbedtls/mbedtls/library/md5.c.o
Compiling .pio/build/polverine/mbedtls/mbedtls/library/memory_buffer_alloc.c.o
Compiling .pio/build/polverine/mbedtls/mbedtls/library/nist_kw.c.o
Compiling .pio/build/polverine/mbedtls/mbedtls/library/oid.c.o
Compiling .pio/build/polverine/mbedtls/mbedtls/library/padlock.c.o
Compiling .pio/build/polverine/mbedtls/mbedtls/library/pem.c.o
Compiling .pio/build/polverine/mbedtls/mbedtls/library/pk.c.o
Compiling .pio/build/polverine/mbedtls/mbedtls/library/pk_ecc.c.o
Compiling .pio/build/polverine/mbedtls/mbedtls/library/pk_wrap.c.o
Compiling .pio/build/polverine/mbedtls/mbedtls/library/pkcs12.c.o
Compiling .pio/build/polverine/mbedtls/mbedtls/library/pkcs5.c.o
Compiling .pio/build/polverine/mbedtls/mbedtls/library/pkparse.c.o
Compiling .pio/build/polverine/mbedtls/mbedtls/library/pkwrite.c.o
Compiling .pio/build/polverine/mbedtls/mbedtls/library/platform.c.o
Compiling .pio/build/polverine/mbedtls/mbedtls/library/platform_util.c.o
Compiling .pio/build/polverine/mbedtls/mbedtls/library/poly1305.c.o
Compiling .pio/build/polverine/mbedtls/mbedtls/library/psa_crypto.c.o
Compiling .pio/build/polverine/mbedtls/mbedtls/library/psa_crypto_aead.c.o
Compiling .pio/build/polverine/mbedtls/mbedtls/library/psa_crypto_cipher.c.o
Compiling .pio/build/polverine/mbedtls/mbedtls/library/psa_crypto_client.c.o
Compiling .pio/build/polverine/mbedtls/mbedtls/library/psa_crypto_driver_wrappers_no_static.c.o
Compiling .pio/build/polverine/mbedtls/mbedtls/library/psa_crypto_ecp.c.o
Compiling .pio/build/polverine/mbedtls/mbedtls/library/psa_crypto_ffdh.c.o
Compiling .pio/build/polverine/mbedtls/mbedtls/library/psa_crypto_hash.c.o
Compiling .pio/build/polverine/mbedtls/mbedtls/library/psa_crypto_mac.c.o
Compiling .pio/build/polverine/mbedtls/mbedtls/library/psa_crypto_pake.c.o
Compiling .pio/build/polverine/mbedtls/mbedtls/library/psa_crypto_rsa.c.o
Compiling .pio/build/polverine/mbedtls/mbedtls/library/psa_crypto_se.c.o
Compiling .pio/build/polverine/mbedtls/mbedtls/library/psa_crypto_slot_management.c.o
Compiling .pio/build/polverine/mbedtls/mbedtls/library/psa_crypto_storage.c.o
Compiling .pio/build/polverine/mbedtls/mbedtls/library/psa_its_file.c.o
Compiling .pio/build/polverine/mbedtls/mbedtls/library/psa_util.c.o
Compiling .pio/build/polverine/mbedtls/mbedtls/library/ripemd160.c.o
Compiling .pio/build/polverine/mbedtls/mbedtls/library/rsa.c.o
Compiling .pio/build/polverine/mbedtls/mbedtls/library/rsa_alt_helpers.c.o
Compiling .pio/build/polverine/mbedtls/mbedtls/library/sha1.c.o
Compiling .pio/build/polverine/mbedtls/mbedtls/library/sha256.c.o
Compiling .pio/build/polverine/mbedtls/mbedtls/library/sha512.c.o
Compiling .pio/build/polverine/mbedtls/mbedtls/library/sha3.c.o
Compiling .pio/build/polverine/mbedtls/mbedtls/library/threading.c.o
Compiling .pio/build/polverine/mbedtls/mbedtls/library/timing.c.o
Compiling .pio/build/polverine/mbedtls/mbedtls/library/version.c.o
Compiling .pio/build/polverine/mbedtls/mbedtls/library/version_features.c.o
Compiling .pio/build/polverine/mbedtls/port/sha/dma/esp_sha_gdma_impl.c.o
Compiling .pio/build/polverine/mbedtls/port/aes/dma/esp_aes_gdma_impl.c.o
Compiling .pio/build/polverine/mbedtls/port/aes/dma/esp_aes_dma_core.c.o
Compiling .pio/build/polverine/mbedtls/port/crypto_shared_gdma/esp_crypto_shared_gdma.c.o
Compiling .pio/build/polverine/mbedtls/port/esp_mem.c.o
Compiling .pio/build/polverine/mbedtls/port/aes/esp_aes_xts.c.o
Compiling .pio/build/polverine/mbedtls/port/aes/esp_aes_common.c.o
Compiling .pio/build/polverine/mbedtls/port/aes/dma/esp_aes.c.o
Compiling .pio/build/polverine/mbedtls/port/sha/esp_sha.c.o
Compiling .pio/build/polverine/mbedtls/port/sha/dma/sha.c.o
Compiling .pio/build/polverine/mbedtls/port/esp_ds/esp_rsa_sign_alt.c.o
Compiling .pio/build/polverine/mbedtls/port/bignum/esp_bignum.c.o
Compiling .pio/build/polverine/mbedtls/port/bignum/bignum_alt.c.o
Compiling .pio/build/polverine/mbedtls/port/sha/dma/esp_sha1.c.o
Compiling .pio/build/polverine/mbedtls/port/sha/dma/esp_sha256.c.o
Compiling .pio/build/polverine/mbedtls/port/sha/dma/esp_sha512.c.o
Compiling .pio/build/polverine/mbedtls/port/aes/esp_aes_gcm.c.o
Compiling .pio/build/polverine/mbedtls/port/md/esp_md.c.o
Compiling .pio/build/polverine/mbedtls/mbedtls/library/debug.c.o
Compiling .pio/build/polverine/mbedtls/mbedtls/library/mps_reader.c.o
Compiling .pio/build/polverine/mbedtls/mbedtls/library/mps_trace.c.o
Compiling .pio/build/polverine/mbedtls/mbedtls/library/ssl_cache.c.o
Compiling .pio/build/polverine/mbedtls/mbedtls/library/ssl_ciphersuites.c.o
Compiling .pio/build/polverine/mbedtls/mbedtls/library/ssl_client.c.o
Compiling .pio/build/polverine/mbedtls/mbedtls/library/ssl_cookie.c.o
Compiling .pio/build/polverine/mbedtls/mbedtls/library/ssl_debug_helpers_generated.c.o
Compiling .pio/build/polverine/mbedtls/mbedtls/library/ssl_msg.c.o
Compiling .pio/build/polverine/mbedtls/mbedtls/library/ssl_ticket.c.o
Compiling .pio/build/polverine/mbedtls/mbedtls/library/ssl_tls.c.o
Compiling .pio/build/polverine/mbedtls/mbedtls/library/ssl_tls12_client.c.o
Compiling .pio/build/polverine/mbedtls/mbedtls/library/ssl_tls12_server.c.o
Compiling .pio/build/polverine/mbedtls/mbedtls/library/ssl_tls13_keys.c.o
Compiling .pio/build/polverine/mbedtls/mbedtls/library/ssl_tls13_server.c.o
Compiling .pio/build/polverine/mbedtls/mbedtls/library/ssl_tls13_client.c.o
Compiling .pio/build/polverine/mbedtls/mbedtls/library/ssl_tls13_generic.c.o
Compiling .pio/build/polverine/mbedtls/port/mbedtls_debug.c.o
Compiling .pio/build/polverine/mbedtls/port/net_sockets.c.o
Compiling .pio/build/polverine/mbedtls/mbedtls/library/pkcs7.c.o
Compiling .pio/build/polverine/mbedtls/mbedtls/library/x509.c.o
Compiling .pio/build/polverine/mbedtls/mbedtls/library/x509_create.c.o
Compiling .pio/build/polverine/mbedtls/mbedtls/library/x509_crl.c.o
Compiling .pio/build/polverine/mbedtls/mbedtls/library/x509_crt.c.o
Compiling .pio/build/polverine/mbedtls/mbedtls/library/x509_csr.c.o
Compiling .pio/build/polverine/mbedtls/mbedtls/library/x509write.c.o
Compiling .pio/build/polverine/mbedtls/mbedtls/library/x509write_crt.c.o
Compiling .pio/build/polverine/mbedtls/mbedtls/library/x509write_csr.c.o
Compiling .pio/build/polverine/mbedtls/mbedtls/3rdparty/p256-m/p256-m_driver_entrypoints.c.o
Compiling .pio/build/polverine/mbedtls/mbedtls/3rdparty/p256-m/p256-m/p256-m.c.o
Compiling .pio/build/polverine/bootloader/xtensa/xt_trax.c.o
Compiling .pio/build/polverine/bootloader/bootloader/subproject/main/bootloader_start.c.o
Compiling .pio/build/polverine/bootloader/bootloader_support/src/bootloader_common.c.o
Compiling .pio/build/polverine/bootloader/bootloader_support/src/bootloader_common_loader.c.o
Compiling .pio/build/polverine/bootloader/bootloader_support/src/bootloader_clock_init.c.o
Compiling .pio/build/polverine/bootloader/bootloader_support/src/bootloader_mem.c.o
Compiling .pio/build/polverine/bootloader/bootloader_support/src/bootloader_random.c.o
Compiling .pio/build/polverine/bootloader/bootloader_support/src/bootloader_efuse.c.o
Compiling .pio/build/polverine/bootloader/bootloader_support/src/flash_encrypt.c.o
Compiling .pio/build/polverine/bootloader/bootloader_support/src/secure_boot.c.o
Compiling .pio/build/polverine/bootloader/bootloader_support/src/bootloader_random_esp32s3.c.o
Compiling .pio/build/polverine/bootloader/bootloader_support/bootloader_flash/src/bootloader_flash.c.o
Compiling .pio/build/polverine/bootloader/bootloader_support/bootloader_flash/src/flash_qio_mode.c.o
Compiling .pio/build/polverine/bootloader/bootloader_support/bootloader_flash/src/bootloader_flash_config_esp32s3.c.o
Compiling .pio/build/polverine/bootloader/bootloader_support/src/bootloader_utility.c.o
Compiling .pio/build/polverine/bootloader/bootloader_support/src/flash_partitions.c.o
Compiling .pio/build/polverine/bootloader/bootloader_support/src/esp_image_format.c.o
Compiling .pio/build/polverine/bootloader/bootloader_support/src/bootloader_init.c.o
Compiling .pio/build/polverine/bootloader/bootloader_support/src/bootloader_clock_loader.c.o
Compiling .pio/build/polverine/bootloader/bootloader_support/src/bootloader_console.c.o
Compiling .pio/build/polverine/bootloader/bootloader_support/src/bootloader_console_loader.c.o
Compiling .pio/build/polverine/bootloader/bootloader_support/src/esp32s3/bootloader_sha.c.o
Compiling .pio/build/polverine/bootloader/bootloader_support/src/esp32s3/bootloader_soc.c.o
Compiling .pio/build/polverine/bootloader/bootloader_support/src/esp32s3/bootloader_esp32s3.c.o
Compiling .pio/build/polverine/bootloader/bootloader_support/src/bootloader_panic.c.o
Compiling .pio/build/polverine/bootloader/efuse/esp32s3/esp_efuse_table.c.o
Compiling .pio/build/polverine/bootloader/efuse/esp32s3/esp_efuse_fields.c.o
Compiling .pio/build/polverine/bootloader/efuse/esp32s3/esp_efuse_rtc_calib.c.o
Compiling .pio/build/polverine/bootloader/efuse/esp32s3/esp_efuse_utility.c.o
Generating project linker script .pio/build/polverine/sections.ld
Compiling .pio/build/polverine/bootloader/efuse/src/esp_efuse_api.c.o
Compiling .pio/build/polverine/bootloader/efuse/src/esp_efuse_fields.c.o
Compiling .pio/build/polverine/bootloader/efuse/src/esp_efuse_utility.c.o
Compiling .pio/build/polverine/bootloader/efuse/src/efuse_controller/keys/with_key_purposes/esp_efuse_api_key.c.o
Compiling .pio/build/polverine/bootloader/esp_bootloader_format/esp_bootloader_desc.c.o
Compiling .pio/build/polverine/bootloader/esp_common/src/esp_err_to_name.c.o
Compiling .pio/build/polverine/bootloader/esp_hw_support/cpu.c.o
Compiling .pio/build/polverine/bootloader/esp_hw_support/port/esp32s3/esp_cpu_intr.c.o
Compiling .pio/build/polverine/bootloader/esp_hw_support/esp_memory_utils.c.o
Archiving .pio/build/polverine/bootloader/esp-idf/esp_bootloader_format/libesp_bootloader_format.a
Compiling .pio/build/polverine/bootloader/esp_hw_support/port/esp32s3/cpu_region_protect.c.o
Indexing .pio/build/polverine/bootloader/esp-idf/esp_bootloader_format/libesp_bootloader_format.a
Compiling .pio/build/polverine/bootloader/esp_hw_support/port/esp32s3/rtc_clk.c.o
Compiling .pio/build/polverine/bootloader/esp_hw_support/port/esp32s3/rtc_clk_init.c.o
Compiling .pio/build/polverine/bootloader/esp_hw_support/port/esp32s3/rtc_init.c.o
Compiling .pio/build/polverine/bootloader/esp_hw_support/port/esp32s3/rtc_sleep.c.o
Compiling .pio/build/polverine/bootloader/esp_hw_support/port/esp32s3/rtc_time.c.o
Compiling .pio/build/polverine/bootloader/esp_hw_support/port/esp32s3/chip_info.c.o
Compiling .pio/build/polverine/bootloader/esp_rom/patches/esp_rom_sys.c.o
Compiling .pio/build/polverine/bootloader/esp_rom/patches/esp_rom_print.c.o
Compiling .pio/build/polverine/bootloader/esp_rom/patches/esp_rom_uart.c.o
Compiling .pio/build/polverine/bootloader/esp_rom/patches/esp_rom_spiflash.c.o
Compiling .pio/build/polverine/bootloader/esp_rom/patches/esp_rom_efuse.c.o
Compiling .pio/build/polverine/bootloader/esp_rom/patches/esp_rom_gpio.c.o
Compiling .pio/build/polverine/bootloader/esp_rom/patches/esp_rom_longjmp.S.o
Compiling .pio/build/polverine/bootloader/esp_rom/patches/esp_rom_systimer.c.o
Compiling .pio/build/polverine/bootloader/esp_rom/patches/esp_rom_wdt.c.o
Compiling .pio/build/polverine/bootloader/esp_rom/patches/esp_rom_cache_esp32s2_esp32s3.c.o
Compiling .pio/build/polverine/bootloader/esp_rom/patches/esp_rom_cache_writeback_esp32s3.S.o
Compiling .pio/build/polverine/bootloader/esp_system/esp_err.c.o
Compiling .pio/build/polverine/bootloader/hal/hal_utils.c.o
Compiling .pio/build/polverine/bootloader/hal/mpu_hal.c.o
Compiling .pio/build/polverine/bootloader/hal/efuse_hal.c.o
Compiling .pio/build/polverine/bootloader/hal/esp32s3/efuse_hal.c.o
Compiling .pio/build/polverine/bootloader/hal/mmu_hal.c.o
Compiling .pio/build/polverine/bootloader/hal/cache_hal.c.o
Compiling .pio/build/polverine/bootloader/log/src/noos/log_timestamp.c.o
Compiling .pio/build/polverine/bootloader/log/src/log_timestamp_common.c.o
Compiling .pio/build/polverine/bootloader/log/src/noos/log_lock.c.o
Compiling .pio/build/polverine/bootloader/soc/esp32s3/gpio_periph.c.o
Compiling .pio/build/polverine/bootloader/soc/esp32s3/uart_periph.c.o
Compiling .pio/build/polverine/bootloader/soc/esp32s3/adc_periph.c.o
Compiling .pio/build/polverine/bootloader/soc/esp32s3/dedic_gpio_periph.c.o
Compiling .pio/build/polverine/bootloader/soc/esp32s3/gdma_periph.c.o
Compiling .pio/build/polverine/bootloader/soc/esp32s3/spi_periph.c.o
Compiling .pio/build/polverine/bootloader/soc/esp32s3/ledc_periph.c.o
Compiling .pio/build/polverine/bootloader/soc/esp32s3/pcnt_periph.c.o
Compiling .pio/build/polverine/bootloader/soc/esp32s3/rmt_periph.c.o
Compiling .pio/build/polverine/bootloader/soc/esp32s3/i2s_periph.c.o
Compiling .pio/build/polverine/bootloader/soc/esp32s3/i2c_periph.c.o
Compiling .pio/build/polverine/bootloader/soc/esp32s3/temperature_sensor_periph.c.o
Compiling .pio/build/polverine/bootloader/soc/esp32s3/timer_periph.c.o
Compiling .pio/build/polverine/bootloader/soc/esp32s3/mcpwm_periph.c.o
Compiling .pio/build/polverine/bootloader/soc/esp32s3/mpi_periph.c.o
Compiling .pio/build/polverine/bootloader/soc/esp32s3/sdmmc_periph.c.o
Compiling .pio/build/polverine/bootloader/soc/esp32s3/twai_periph.c.o
Compiling .pio/build/polverine/bootloader/soc/esp32s3/wdt_periph.c.o
Compiling .pio/build/polverine/bootloader/soc/esp32s3/rtc_io_periph.c.o
Compiling .pio/build/polverine/bootloader/spi_flash/spi_flash_wrap.c.o
Linking .pio/build/polverine/bootloader.elf
Building .pio/build/polverine/bootloader.bin
esptool.py v4.5.1
Creating esp32s3 image...
Merged 2 ELF sections
Successfully created esp32s3 image.
Linking .pio/build/polverine/firmware.elf
Retrieving maximum program size .pio/build/polverine/firmware.elf
Checking size .pio/build/polverine/firmware.elf
Advanced Memory Usage is available via "PlatformIO Home > Project Inspect"
RAM:   [==        ]  19.1% (used 62660 bytes from 327680 bytes)
Flash: [====      ]  35.3% (used 1110708 bytes from 3145728 bytes)
Building .pio/build/polverine/firmware.bin
esptool.py v4.5.1
Creating esp32s3 image...
Merged 2 ELF sections
Successfully created esp32s3 image.
========================= [SUCCESS] Took 26.73 seconds =========================
